<?xml version="1.0" encoding="utf-8"?>
<!DOCTYPE coverage SYSTEM "http://cobertura.sourceforge.net/xml/coverage-04.dtd">
<coverage line-rate="0.971428571428571" branch-rate="1" lines-covered="34" lines-valid="35" branches-covered="10" branches-valid="10" complexity="15" version="0" timestamp="1684318736">
  <sources>
    <source>C:\Users\Alex.Gonzales\</source>
  </sources>
  <packages>
    <package name="ValidParentheses" line-rate="1" branch-rate="1" complexity="11">
      <classes>
        <class name="ValidParentheses.Solution" filename="C:\Users\Alex.Gonzales\Documents\Interview-17-05-23\ValidParentheses\Solution.cs" line-rate="1" branch-rate="1" complexity="11">
          <methods>
            <method name="IsValid" signature="(...)" line-rate="1" branch-rate="1" complexity="4">
              <lines>
                <line number="6" hits="3" branch="false" />
                <line number="7" hits="3" branch="false" />
                <line number="8" hits="3" branch="false" />
                <line number="9" hits="26" branch="true" condition-coverage="100% (2/2)" />
                <line number="10" hits="9" branch="false" />
                <line number="11" hits="9" branch="true" condition-coverage="100% (2/2)" />
                <line number="12" hits="1" branch="false" />
                <line number="13" hits="1" branch="false" />
                <line number="14" hits="1" branch="false" />
                <line number="16" hits="8" branch="false" />
                <line number="17" hits="3" branch="false" />
                <line number="18" hits="3" branch="false" />
              </lines>
            </method>
            <method name="ContainsSymbol" signature="(...)" line-rate="1" branch-rate="1" complexity="1">
              <lines>
                <line number="21" hits="5" branch="false" />
                <line number="22" hits="5" branch="false" />
                <line number="23" hits="5" branch="false" />
              </lines>
            </method>
            <method name="ClosedSymbol" signature="(...)" line-rate="1" branch-rate="1" complexity="6">
              <lines>
                <line number="26" hits="9" branch="false" />
                <line number="44" hits="9" branch="true" condition-coverage="100% (6/6)" />
                <line number="47" hits="3" branch="false" />
                <line number="50" hits="1" branch="false" />
                <line number="52" hits="1" branch="false" />
                <line number="54" hits="4" branch="false" />
                <line number="57" hits="9" branch="false" />
              </lines>
            </method>
          </methods>
          <lines>
            <line number="6" hits="3" branch="false" />
            <line number="7" hits="3" branch="false" />
            <line number="8" hits="3" branch="false" />
            <line number="9" hits="26" branch="true" condition-coverage="100% (2/2)" />
            <line number="10" hits="9" branch="false" />
            <line number="11" hits="9" branch="true" condition-coverage="100% (2/2)" />
            <line number="12" hits="1" branch="false" />
            <line number="13" hits="1" branch="false" />
            <line number="14" hits="1" branch="false" />
            <line number="16" hits="8" branch="false" />
            <line number="17" hits="3" branch="false" />
            <line number="18" hits="3" branch="false" />
            <line number="21" hits="5" branch="false" />
            <line number="22" hits="5" branch="false" />
            <line number="23" hits="5" branch="false" />
            <line number="26" hits="9" branch="false" />
            <line number="44" hits="9" branch="true" condition-coverage="100% (6/6)" />
            <line number="47" hits="3" branch="false" />
            <line number="50" hits="1" branch="false" />
            <line number="52" hits="1" branch="false" />
            <line number="54" hits="4" branch="false" />
            <line number="57" hits="9" branch="false" />
          </lines>
        </class>
      </classes>
    </package>
    <package name="ValidParentheses.Test" line-rate="0.923076923076923" branch-rate="1" complexity="4">
      <classes>
        <class name="AutoGeneratedProgram" filename="C:\Users\Alex.Gonzales\.nuget\packages\microsoft.net.test.sdk\17.1.0\build\netcoreapp2.1\Microsoft.NET.Test.Sdk.Program.cs" line-rate="0" branch-rate="1" complexity="1">
          <methods>
            <method name="Main" signature="(...)" line-rate="0" branch-rate="1" complexity="1">
              <lines>
                <line number="4" hits="0" branch="false" />
              </lines>
            </method>
          </methods>
          <lines>
            <line number="4" hits="0" branch="false" />
          </lines>
        </class>
        <class name="ValidParentheses.Test.UnitTest1" filename="C:\Users\Alex.Gonzales\Documents\Interview-17-05-23\ValidParentheses.Test\UnitTest1.cs" line-rate="1" branch-rate="1" complexity="3">
          <methods>
            <method name="Test1" signature="()" line-rate="1" branch-rate="1" complexity="1">
              <lines>
                <line number="7" hits="1" branch="false" />
                <line number="8" hits="1" branch="false" />
                <line number="9" hits="1" branch="false" />
                <line number="10" hits="1" branch="false" />
              </lines>
            </method>
            <method name="Test2" signature="()" line-rate="1" branch-rate="1" complexity="1">
              <lines>
                <line number="14" hits="1" branch="false" />
                <line number="15" hits="1" branch="false" />
                <line number="16" hits="1" branch="false" />
                <line number="17" hits="1" branch="false" />
              </lines>
            </method>
            <method name="Test3" signature="()" line-rate="1" branch-rate="1" complexity="1">
              <lines>
                <line number="21" hits="1" branch="false" />
                <line number="22" hits="1" branch="false" />
                <line number="23" hits="1" branch="false" />
                <line number="24" hits="1" branch="false" />
              </lines>
            </method>
          </methods>
          <lines>
            <line number="7" hits="1" branch="false" />
            <line number="8" hits="1" branch="false" />
            <line number="9" hits="1" branch="false" />
            <line number="10" hits="1" branch="false" />
            <line number="14" hits="1" branch="false" />
            <line number="15" hits="1" branch="false" />
            <line number="16" hits="1" branch="false" />
            <line number="17" hits="1" branch="false" />
            <line number="21" hits="1" branch="false" />
            <line number="22" hits="1" branch="false" />
            <line number="23" hits="1" branch="false" />
            <line number="24" hits="1" branch="false" />
          </lines>
        </class>
      </classes>
    </package>
  </packages>
</coverage>